d:\dx11_3d\winfrom\editwrapper\x64\debug\editwrapper.pch
d:\dx11_3d\winfrom\editwrapper\x64\debug\vc141.pdb
d:\dx11_3d\winfrom\editwrapper\x64\debug\stdafx.obj
d:\dx11_3d\winfrom\editwrapper\x64\debug\editwrapper.obj
d:\dx11_3d\winfrom\editwrapper\x64\debug\assemblyinfo.obj
d:\dx11_3d\winfrom\editwrapper\x64\debug\.netframework,version=v4.6.1.assemblyattributes.obj
d:\dx11_3d\winfrom\editwrapper\x64\debug\.netframework,version=v4.6.1.assemblyattributes.asm
d:\dx11_3d\x64\debug\editwrapper.dll
d:\dx11_3d\x64\debug\editwrapper.pdb
d:\dx11_3d\winfrom\editwrapper\x64\debug\app.res
d:\dx11_3d\winfrom\editwrapper\x64\debug\editwrapper.tlog\cl.command.1.tlog
d:\dx11_3d\winfrom\editwrapper\x64\debug\editwrapper.tlog\cl.read.1.tlog
d:\dx11_3d\winfrom\editwrapper\x64\debug\editwrapper.tlog\cl.write.1.tlog
d:\dx11_3d\winfrom\editwrapper\x64\debug\editwrapper.tlog\link.command.1.tlog
d:\dx11_3d\winfrom\editwrapper\x64\debug\editwrapper.tlog\link.read.1.tlog
d:\dx11_3d\winfrom\editwrapper\x64\debug\editwrapper.tlog\link.write.1.tlog
d:\dx11_3d\winfrom\editwrapper\x64\debug\editwrapper.tlog\metagen.read.1.tlog
d:\dx11_3d\winfrom\editwrapper\x64\debug\editwrapper.tlog\metagen.write.1.tlog
d:\dx11_3d\winfrom\editwrapper\x64\debug\editwrapper.tlog\rc.command.1.tlog
d:\dx11_3d\winfrom\editwrapper\x64\debug\editwrapper.tlog\rc.read.1.tlog
d:\dx11_3d\winfrom\editwrapper\x64\debug\editwrapper.tlog\rc.write.1.tlog
